<?xml version="1.0" encoding="UTF-8"?>
<!-- Generated by org.testng.reporters.JUnitReportReporter -->
<testsuite skipped="0" hostname="wvh154" name="com.crm.qa.testcases.LoginPageTest" tests="2" failures="0" timestamp="15 Mar 2020 18:04:42 GMT" time="36.234" errors="0">
  <testcase name="loginPageTitleTest" time="12.575" classname="com.crm.qa.testcases.LoginPageTest"/>
  <testcase name="validateUserLoginTest" time="23.659" classname="com.crm.qa.testcases.LoginPageTest"/>
</testsuite> <!-- com.crm.qa.testcases.LoginPageTest -->
